C51 COMPILER V9.60.7.0   COMMUNICATION                                                     03/12/2025 17:19:05 PAGE 1   


C51 COMPILER V9.60.7.0, COMPILATION OF MODULE COMMUNICATION
OBJECT MODULE PLACED IN ..\Output\communication.obj
COMPILER INVOKED BY: D:\APP\Keil_v5\C51\BIN\C51.EXE ..\BSP\Src\communication.c LARGE OPTIMIZE(8,SPEED) BROWSE INCDIR(..\
                    -BSP\Inc;..\Core\Inc;..\Drivers;..\Middlewares;..\Emembed\Inc;..\SYSTEM\Inc) DEBUG OBJECTEXTEND PRINT(.\Listings\communic
                    -ation.lst) OBJECT(..\Output\communication.obj)

line level    source

   1          #include "communication.h"
   2          
   3          RS485 rs485;
   4          
   5          /**
   6           * @brief       串口1调用结构体 rs485 初始化
   7           *
   8           * @param   
   9           *
  10           * @return  void
  11          **/
  12          void Uart1_Send_Statu_Init( void )
  13          {
  14   1          rs485.TX_busy_Flag = 0;
  15   1          rs485.RX_rev_end_Flag = 0;
  16   1          rs485.TX_buf[24] = 0;
  17   1          rs485.RX_buf[24] = 0;
  18   1          rs485.TX_send_bytelength = 0;
  19   1          rs485.TX_send_cnt = 0;
  20   1          rs485.RX_rev_timeout = 0;
  21   1          rs485.RX_rev_cnt = 0;
  22   1          rs485.send_scan_flag = 0;
  23   1      }
  24          
  25          void Uart1_ISR() interrupt 4 
  26          {   
  27   1          
  28   1          /* 1, 检测到硬件将S2TI置1，即发送完毕                       */
  29   1          if( TI )          //
  30   1          {
  31   2              /* 2, 软件将S2TI清零，等待发送标志位重置，可继续发送    */
  32   2              TI = 0;         
  33   2              rs485.TX_busy_Flag = 0;
  34   2              
  35   2              /* 3, 依次将TX_buf中数据送出（写S2BUF操作即为发送）    */
  36   2              if( rs485.TX_send_bytelength != 0 )
  37   2              {
  38   3                  SBUF = rs485.TX_buf[rs485.TX_send_cnt++];
  39   3                  rs485.TX_send_bytelength--;
  40   3              }else
  41   2              {
  42   3                  rs485.TX_send_cnt = 0;
  43   3              }
  44   2          }
  45   1          
  46   1          /* 1, 检测到硬件将S2RI置1，即接收完毕                       */
  47   1          if( RI )
  48   1          {
  49   2              /* 2, 软件将S2RI清零，等待接收标志位重置，可继续发送    */
  50   2              RI = 0;
  51   2      
  52   2              /* 3, 判断数据包是否接收完毕                           */
  53   2              if( !rs485.RX_rev_end_Flag )
C51 COMPILER V9.60.7.0   COMMUNICATION                                                     03/12/2025 17:19:05 PAGE 2   

  54   2              {
  55   3                  /* 4, 数据包大于RX_buf 则从头计数                  */
  56   3                  if( rs485.RX_rev_cnt > 24 )
  57   3                  {
  58   4                      rs485.RX_rev_cnt = 0;
  59   4                  }
  60   3      
  61   3                  /* 5, 依次将RX_buf中数据接收（读S2BUF操作即为接收）*/
  62   3                  rs485.RX_buf[rs485.RX_rev_cnt] = SBUF;
  63   3                  rs485.RX_rev_cnt++;
  64   3              }
  65   2              /* 6, 重置接收完毕判断时间                              */
  66   2              rs485.RX_rev_timeout = 50;
  67   2          }
  68   1      }
  69          
  70          // void Uart1_Sendbyte(uint8_t dat)
  71          // {
  72          //     while(TI);
  73          //     TI = 1;
  74          //     SBUF = dat;
  75          // }
  76          
  77          // void Uart1_SendStr(uint8_t *sendstr)
  78          // {   
  79          //     while(*sendstr)
  80          //     {
  81          //         Uart1_Sendbyte(*sendstr++);
  82          //     }
  83          // }
  84          
  85          char putchar(char c)  // 串口重定向需要添加头文件stdio.h
  86          {
  87   1          SBUF = c;
  88   1          while(!TI);
  89   1          TI = 0;
  90   1          return c;
  91   1      }


MODULE INFORMATION:   STATIC OVERLAYABLE
   CODE SIZE        =    159    ----
   CONSTANT SIZE    =   ----    ----
   XDATA SIZE       =     56    ----
   PDATA SIZE       =   ----    ----
   DATA SIZE        =   ----    ----
   IDATA SIZE       =   ----    ----
   BIT SIZE         =   ----    ----
END OF MODULE INFORMATION.


C51 COMPILATION COMPLETE.  0 WARNING(S),  0 ERROR(S)
