C51 COMPILER V9.60.7.0   GPIO                                                              03/09/2025 16:42:17 PAGE 1   


C51 COMPILER V9.60.7.0, COMPILATION OF MODULE GPIO
OBJECT MODULE PLACED IN ..\Output\gpio.obj
COMPILER INVOKED BY: D:\APP\Keil_STM32\C51\BIN\C51.EXE ..\Core\Src\gpio.c LARGE OPTIMIZE(8,SPEED) BROWSE INCDIR(..\BSP\I
                    -nc;..\Core\Inc;..\Drivers;..\Middlewares;..\Emembed\Inc;..\SYSTEM\Inc) DEBUG OBJECTEXTEND PRINT(.\Listings\gpio.lst) OBJ
                    -ECT(..\Output\gpio.obj)

line level    source

   1          /*
   2          |P0^0|:LEVEL4_L |P1^0|:LEVEL5_H  |P2^0|:MOTOR4    |P3^0|           |P4^0|          |P5^0|     
   3          |P0^1|:LEVEL6_H |P1^1|:LEVEL3_L  |P2^1|           |P3^1|           |P4^1|          |P5^1|     
   4          |P0^2|:LEVEL6_L |P1^2|:LEVEL3_H  |P2^2|:MOTOR6    |P3^2|           |P4^2|          |P5^2|     
   5          |P0^3|:LEVEL5_L |P1^3|:LEVEL1_L  |P2^3|:MOTOR5    |P3^3|:MOTOR1    |P4^3|          |P5^3|     
   6          |P0^4|          |P1^4|:LEVEL1_H  |P2^4|:RESET     |P3^4|:MOTOR2    |P4^4|          |P5^4|:buzzer
   7          |P0^5|          |P1^5|           |P2^5|:LEVEL2_L  |P3^5|:MOTOR3    |P4^5|          |P5^5|             
   8          |P0^6|          |P1^6|           |P2^6|:LEVEL2_H  |P3^6|:RX1       |P4^6|          |P5^6|     
   9          |P0^7|          |P1^7|           |P2^7|:LEVEL4_H  |P3^7|:TX1       |P4^7|          |P5^7|     
  10          */ 
  11          
  12          #include "gpio.h"
  13          
  14          /**
  15           * @brief       GPIO初始化
  16           *
  17           * @param   void
  18           *
  19           * @return  void
  20           */
  21          void GPIO_Init( void )
  22          {
  23   1          P0M0 = 0x00;    P0M1 = 0x00;        //P0.1为推挽输出，P0.2、P0.3、P0.4为高阻输入
  24   1          P1M0 = 0x00;    P1M1 = 0x00;        //1.1为推挽输出,P1.4、P1.5、P1.6、P1.7为高阻输入
  25   1          P2M0 = 0x1f;    P2M1 = 0x00;        //P2.0、P2.1、P2.2、P2.3、P2.4为高阻输入
  26   1          P3M0 = 0xbc;    P3M1 = 0x00;        //P3.2、P3.3、P3.4、P3.5、P3.7为推挽输出
  27   1          P4M0 = 0x00;    P4M1 = 0x00;        //P4.7为推挽输出       
  28   1          P5M0 = 0x10;    P5M1 = 0x00;    
  29   1      }


MODULE INFORMATION:   STATIC OVERLAYABLE
   CODE SIZE        =     29    ----
   CONSTANT SIZE    =   ----    ----
   XDATA SIZE       =   ----    ----
   PDATA SIZE       =   ----    ----
   DATA SIZE        =   ----    ----
   IDATA SIZE       =   ----    ----
   BIT SIZE         =   ----    ----
END OF MODULE INFORMATION.


C51 COMPILATION COMPLETE.  0 WARNING(S),  0 ERROR(S)
