C51 COMPILER V9.60.7.0   MAIN                                                              03/26/2025 13:59:26 PAGE 1   


C51 COMPILER V9.60.7.0, COMPILATION OF MODULE MAIN
OBJECT MODULE PLACED IN ..\Output\main.obj
COMPILER INVOKED BY: D:\APP\Keil_v5\C51\BIN\C51.EXE ..\Core\Src\main.c LARGE OPTIMIZE(8,SPEED) BROWSE INCDIR(..\BSP\Inc;
                    -..\Core\Inc;..\Drivers;..\Middlewares;..\Emembed\Inc;..\SYSTEM\Inc) DEBUG OBJECTEXTEND PRINT(.\Listings\main.lst) OBJECT
                    -(..\Output\main.obj)

line level    source

   1          #include "main.h"
   2          
   3          void main( void )
   4          {
   5   1          P_SW2 |= 0x80;
   6   1          
   7   1          GPIO_Init();
   8   1          Timer0_Init();
   9   1          Timer1_Init();
  10   1      
  11   1          Uart1_Init();
  12   1          Uart1_Send_Statu_Init();
  13   1      
  14   1          motor_init();
  15   1          level_params_init();
  16   1          speak_param_init();
  17   1          get_ball_level();
  18   1      
  19   1          EA = 1;
  20   1          eeprom_statu_judge();
  21   1          printf("========== code start ========== \r\n");
  22   1      
  23   1          INK_OUT = 1;
  24   1          delay_ms(2000);
  25   1          INK_OUT = 0;
  26   1          while (1)
  27   1          {
  28   2              level_statu();
  29   2              key_reset();
  30   2              Modbus_Event();
  31   2              get_ball_level();
  32   2          }  
  33   1      }


MODULE INFORMATION:   STATIC OVERLAYABLE
   CODE SIZE        =     69    ----
   CONSTANT SIZE    =     36    ----
   XDATA SIZE       =   ----    ----
   PDATA SIZE       =   ----    ----
   DATA SIZE        =   ----    ----
   IDATA SIZE       =   ----    ----
   BIT SIZE         =   ----    ----
END OF MODULE INFORMATION.


C51 COMPILATION COMPLETE.  0 WARNING(S),  0 ERROR(S)
