C51 COMPILER V9.60.7.0   TIM                                                               03/26/2025 13:59:27 PAGE 1   


C51 COMPILER V9.60.7.0, COMPILATION OF MODULE TIM
OBJECT MODULE PLACED IN ..\Output\tim.obj
COMPILER INVOKED BY: D:\APP\Keil_v5\C51\BIN\C51.EXE ..\Core\Src\tim.c LARGE OPTIMIZE(8,SPEED) BROWSE INCDIR(..\BSP\Inc;.
                    -.\Core\Inc;..\Drivers;..\Middlewares;..\Emembed\Inc;..\SYSTEM\Inc) DEBUG OBJECTEXTEND PRINT(.\Listings\tim.lst) OBJECT(.
                    -.\Output\tim.obj)

line level    source

   1          #include "tim.h"
   2          
   3          void Timer0_Init()         //11.0592Mhz  10ms
   4          {
   5   1              AUXR &= 0x7F;                   //定时器时钟12T模式
   6   1              TMOD &= 0xF0;                   //设置定时器模式
   7   1              TL0 = 0x00;                             //设置定时初始值
   8   1              TH0 = 0xDC;                             //设置定时初始值
   9   1              TF0 = 0;                                //清除TF0标志
  10   1              TR0 = 1;                                //定时器0开始计时
  11   1      
  12   1              ET0 = 1;                //打开IE-ET0，TIM0中断
  13   1      }
  14          
  15          void Timer1_Init(void)          //10毫秒@11.0592MHz
  16          {
  17   1              AUXR &= 0xBF;                   //定时器时钟12T模式
  18   1              TMOD &= 0x0F;                   //设置定时器模式
  19   1              TL1 = 0x00;                             //设置定时初始值
  20   1              TH1 = 0xDC;                             //设置定时初始值
  21   1              TF1 = 0;                                //清除TF1标志
  22   1              TR1 = 1;                                //定时器1开始计时
  23   1      
  24   1          ET1   = 1;                //打开IE-ET1，TIM1中断
  25   1      }
  26          
  27          


MODULE INFORMATION:   STATIC OVERLAYABLE
   CODE SIZE        =     38    ----
   CONSTANT SIZE    =   ----    ----
   XDATA SIZE       =   ----    ----
   PDATA SIZE       =   ----    ----
   DATA SIZE        =   ----    ----
   IDATA SIZE       =   ----    ----
   BIT SIZE         =   ----    ----
END OF MODULE INFORMATION.


C51 COMPILATION COMPLETE.  0 WARNING(S),  0 ERROR(S)
